<?xml version="1.0" encoding="UTF-8"?>
<coverage generated="1685789881372" clover="3.2.0">
  <project timestamp="1685789881372" name="All files">
    <metrics statements="3" coveredstatements="1" conditionals="2" coveredconditionals="2" methods="3" coveredmethods="1" elements="8" coveredelements="4" complexity="0" loc="3" ncloc="3" packages="1" files="1" classes="1"/>
    <file name="className.ts" path="C:\Users\vasch\Desktop\проект\prodvinutiy-frontend\src\shared\lib\className.ts">
      <metrics statements="3" coveredstatements="1" conditionals="2" coveredconditionals="2" methods="3" coveredmethods="1"/>
      <line num="4" count="1" type="stmt"/>
      <line num="8" count="0" type="stmt"/>
      <line num="9" count="0" type="stmt"/>
    </file>
  </project>
</coverage>
