{"C:\\Users\\vasch\\Desktop\\проект\\prodvinutiy-frontend\\src\\shared\\lib\\className.ts": {"path":"C:\\Users\\vasch\\Desktop\\проект\\prodvinutiy-frontend\\src\\shared\\lib\\className.ts","statementMap":{"0":{"start":{"line":4,"column":2},"end":{"line":10,"column":13}},"1":{"start":{"line":8,"column":38},"end":{"line":8,"column":52}},"2":{"start":{"line":9,"column":28},"end":{"line":9,"column":37}}},"fnMap":{"0":{"name":"classNames","decl":{"start":{"line":3,"column":16},"end":{"line":3,"column":26}},"loc":{"start":{"line":3,"column":93},"end":{"line":11,"column":1}},"line":3},"1":{"name":"(anonymous_1)","decl":{"start":{"line":8,"column":14},"end":{"line":8,"column":15}},"loc":{"start":{"line":8,"column":38},"end":{"line":8,"column":52}},"line":8},"2":{"name":"(anonymous_2)","decl":{"start":{"line":9,"column":11},"end":{"line":9,"column":12}},"loc":{"start":{"line":9,"column":28},"end":{"line":9,"column":37}},"line":9}},"branchMap":{"0":{"loc":{"start":{"line":3,"column":41},"end":{"line":3,"column":56}},"type":"default-arg","locations":[{"start":{"line":3,"column":54},"end":{"line":3,"column":56}}],"line":3},"1":{"loc":{"start":{"line":3,"column":58},"end":{"line":3,"column":83}},"type":"default-arg","locations":[{"start":{"line":3,"column":81},"end":{"line":3,"column":83}}],"line":3}},"s":{"0":1,"1":0,"2":0},"f":{"0":1,"1":0,"2":0},"b":{"0":[1],"1":[1]},"_coverageSchema":"1a1c01bbd47fc00a2c39e90264f33305004495a9","hash":"dd159fb17eb2cd6f9deb987099f0054812d0592f"}
}
